<?xml version="1.0" encoding="UTF-8"?>
<testng-results ignored="0" total="1" passed="1" failed="0" skipped="0">
  <reporter-output>
  </reporter-output>
  <suite started-at="2023-03-15T01:07:58 IST" name="Default suite" finished-at="2023-03-15T01:08:35 IST" duration-ms="37207">
    <groups>
    </groups>
    <test started-at="2023-03-15T01:07:58 IST" name="Default test" finished-at="2023-03-15T01:08:35 IST" duration-ms="37207">
      <class name="com.ass.three.TestngThree">
        <test-method is-config="true" signature="setUp()[pri:0, instance:com.ass.three.TestngThree@fa49800]" started-at="2023-03-15T01:07:58 IST" name="setUp" finished-at="2023-03-15T01:08:14 IST" duration-ms="15729" status="PASS">
          <reporter-output>
          </reporter-output>
        </test-method> <!-- setUp -->
        <test-method signature="testLinkCountAndUrls()[pri:0, instance:com.ass.three.TestngThree@fa49800]" started-at="2023-03-15T01:08:14 IST" name="testLinkCountAndUrls" finished-at="2023-03-15T01:08:35 IST" duration-ms="20577" status="PASS">
          <reporter-output>
          </reporter-output>
        </test-method> <!-- testLinkCountAndUrls -->
        <test-method is-config="true" signature="tearDown()[pri:0, instance:com.ass.three.TestngThree@fa49800]" started-at="2023-03-15T01:08:35 IST" name="tearDown" finished-at="2023-03-15T01:08:35 IST" duration-ms="788" status="PASS">
          <reporter-output>
          </reporter-output>
        </test-method> <!-- tearDown -->
      </class> <!-- com.ass.three.TestngThree -->
    </test> <!-- Default test -->
  </suite> <!-- Default suite -->
</testng-results>
